<?xml version="1.0" encoding="UTF-8"?>
<testsuite name="com.suggest.recommandation.tools.TestTxtToRank" tests="1" skipped="0" failures="0" errors="0" timestamp="2020-05-13T22:35:11" hostname="debian" time="21.131">
  <properties/>
  <testcase name="testSql" classname="com.suggest.recommandation.tools.TestTxtToRank" time="21.131"/>
  <system-out><![CDATA[+-----------+-------+-------+----+-------+
|   PREVIOUS|CURRENT|COUNTER|rank|localid|
+-----------+-------+-------+----+-------+
|         97|      %|      1|   1|      1|
|      de 45|      %|      1|   1|      1|
|         14|      %|      2|   1|      1|
|      de 14|      %|      1|   1|      1|
|       à 60|      %|      1|   1|      1|
| et pour 11|      %|      1|   1|      1|
|   pour 274|      %|      1|   1|      1|
|    pour 47|      %|      1|   1|      1|
|    pour 13|      %|      1|   1|      1|
|          1|      %|      2|   1|      1|
|         85|      %|      1|   1|      1|
|         27|      %|      1|   1|      1|
|        177|      %|      1|   1|      1|
|          3|      %|      1|   1|      1|
|         15|      %|      1|   1|      1|
|        151|      %|      1|   1|      1|
|  SOIGNANTS|      /|      1|   1|      1|
|BONAVENTURE|      /|      3|   1|      1|
|      PHOTO|      /|      4|   1|      1|
|    aux 800|    000|      1|   1|      1|
+-----------+-------+-------+----+-------+
only showing top 20 rows

]]></system-out>
  <system-err><![CDATA[Using Spark's default log4j profile: org/apache/spark/log4j-defaults.properties
]]></system-err>
</testsuite>
